<?xml version="1.0" encoding="UTF-8"?>
<checkstyle version="9.3">
<file name="C:\code java\Meraneh\src\main\java\maven_cours\MathTools.java">
<error line="1" column="9" severity="error" message="Le nom &apos;maven_cours&apos; n&apos;est pas conforme à l&apos;expression &apos;^[a-z]+(\.[a-zA-Z_][a-zA-Z0-9_]*)*$&apos;." source="com.puppycrawl.tools.checkstyle.checks.naming.PackageNameCheck"/>
<error line="9" severity="error" message="Line has trailing spaces." source="com.puppycrawl.tools.checkstyle.checks.regexp.RegexpSinglelineCheck"/>
<error line="9" column="1" severity="error" message="Le fichier contient des caractères de tabulation (ce n&apos;est que la première occurence)." source="com.puppycrawl.tools.checkstyle.checks.whitespace.FileTabCharacterCheck"/>
<error line="15" column="27" severity="error" message="Le paramètre a devrait être final." source="com.puppycrawl.tools.checkstyle.checks.FinalParametersCheck"/>
<error line="15" column="31" severity="error" message="Balise Javadoc @param manquante pour &apos;a&apos;." source="com.puppycrawl.tools.checkstyle.checks.javadoc.JavadocMethodCheck"/>
<error line="15" column="34" severity="error" message="Le paramètre b devrait être final." source="com.puppycrawl.tools.checkstyle.checks.FinalParametersCheck"/>
<error line="15" column="38" severity="error" message="Balise Javadoc @param manquante pour &apos;b&apos;." source="com.puppycrawl.tools.checkstyle.checks.javadoc.JavadocMethodCheck"/>
<error line="18" severity="error" message="Line has trailing spaces." source="com.puppycrawl.tools.checkstyle.checks.regexp.RegexpSinglelineCheck"/>
<error line="20" severity="error" message="Line has trailing spaces." source="com.puppycrawl.tools.checkstyle.checks.regexp.RegexpSinglelineCheck"/>
<error line="28" column="28" severity="error" message="Le paramètre a devrait être final." source="com.puppycrawl.tools.checkstyle.checks.FinalParametersCheck"/>
<error line="28" column="33" severity="error" message="Il manque une espace après &apos;,&apos;." source="com.puppycrawl.tools.checkstyle.checks.whitespace.WhitespaceAfterCheck"/>
<error line="28" column="34" severity="error" message="Le paramètre b devrait être final." source="com.puppycrawl.tools.checkstyle.checks.FinalParametersCheck"/>
<error line="28" column="40" severity="error" message="Il manque une espace avant &apos;{&apos;." source="com.puppycrawl.tools.checkstyle.checks.whitespace.WhitespaceAroundCheck"/>
<error line="29" column="12" severity="error" message="Il y a une espace de trop après &apos;(&apos;." source="com.puppycrawl.tools.checkstyle.checks.whitespace.ParenPadCheck"/>
<error line="29" column="20" severity="error" message="Il y a une espace de trop avant &apos;)&apos;." source="com.puppycrawl.tools.checkstyle.checks.whitespace.ParenPadCheck"/>
<error line="32" column="12" severity="error" message="Il y a une espace de trop après &apos;(&apos;." source="com.puppycrawl.tools.checkstyle.checks.whitespace.ParenPadCheck"/>
<error line="32" column="20" severity="error" message="Il y a une espace de trop avant &apos;)&apos;." source="com.puppycrawl.tools.checkstyle.checks.whitespace.ParenPadCheck"/>
<error line="35" column="9" severity="error" message="Il manque une espace après &apos;if&apos;." source="com.puppycrawl.tools.checkstyle.checks.whitespace.WhitespaceAfterCheck"/>
<error line="35" column="11" severity="error" message="Il y a une espace de trop après &apos;(&apos;." source="com.puppycrawl.tools.checkstyle.checks.whitespace.ParenPadCheck"/>
<error line="35" column="19" severity="error" message="Il y a une espace de trop avant &apos;)&apos;." source="com.puppycrawl.tools.checkstyle.checks.whitespace.ParenPadCheck"/>
<error line="36" column="27" severity="error" message="Il manque une espace après &apos;,&apos;." source="com.puppycrawl.tools.checkstyle.checks.whitespace.WhitespaceAfterCheck"/>
<error line="38" column="9" severity="error" message="Il manque une espace après &apos;if&apos;." source="com.puppycrawl.tools.checkstyle.checks.whitespace.WhitespaceAfterCheck"/>
<error line="38" column="11" severity="error" message="Il y a une espace de trop après &apos;(&apos;." source="com.puppycrawl.tools.checkstyle.checks.whitespace.ParenPadCheck"/>
<error line="42" column="25" severity="error" message="Il manque une espace après &apos;%&apos;." source="com.puppycrawl.tools.checkstyle.checks.whitespace.WhitespaceAroundCheck"/>
<error line="42" column="25" severity="error" message="Il manque une espace avant &apos;%&apos;." source="com.puppycrawl.tools.checkstyle.checks.whitespace.WhitespaceAroundCheck"/>
<error line="42" column="28" severity="error" message="Il y a une espace de trop avant &apos;)&apos;." source="com.puppycrawl.tools.checkstyle.checks.whitespace.ParenPadCheck"/>
</file>
<file name="C:\code java\Meraneh\src\main\java\maven_cours\package-info.java">
<error line="1" severity="error" message="Il manque un caractère NewLine à la fin du fichier." source="com.puppycrawl.tools.checkstyle.checks.NewlineAtEndOfFileCheck"/>
<error line="1" column="1" severity="error" message="Commentaire Javadoc manquant." source="com.puppycrawl.tools.checkstyle.checks.javadoc.JavadocStyleCheck"/>
<error line="1" column="9" severity="error" message="Le nom &apos;maven_cours&apos; n&apos;est pas conforme à l&apos;expression &apos;^[a-z]+(\.[a-zA-Z_][a-zA-Z0-9_]*)*$&apos;." source="com.puppycrawl.tools.checkstyle.checks.naming.PackageNameCheck"/>
</file>
<file name="C:\code java\Meraneh\src\main\java\maven_cours\RandomTab.java">
<error line="1" column="9" severity="error" message="Le nom &apos;maven_cours&apos; n&apos;est pas conforme à l&apos;expression &apos;^[a-z]+(\.[a-zA-Z_][a-zA-Z0-9_]*)*$&apos;." source="com.puppycrawl.tools.checkstyle.checks.naming.PackageNameCheck"/>
<error line="20" column="1" severity="error" message="Le fichier contient des caractères de tabulation (ce n&apos;est que la première occurence)." source="com.puppycrawl.tools.checkstyle.checks.whitespace.FileTabCharacterCheck"/>
</file>
</checkstyle>
